[2017-02-25 08:44:06] production.ERROR: exception 'PDOException' with message 'SQLSTATE[3D000]: Invalid catalog name: 1046 No database selected' in C:\Users\User\Downloads\Laravel_mng\vendor\laravel\framework\src\Illuminate\Database\Connection.php:475
Stack trace:
#0 C:\Users\User\Downloads\Laravel_mng\vendor\laravel\framework\src\Illuminate\Database\Connection.php(475): PDO->prepare('create table `m...')
#1 C:\Users\User\Downloads\Laravel_mng\vendor\laravel\framework\src\Illuminate\Database\Connection.php(762): Illuminate\Database\Connection->Illuminate\Database\{closure}(Object(Illuminate\Database\MySqlConnection), 'create table `m...', Array)
#2 C:\Users\User\Downloads\Laravel_mng\vendor\laravel\framework\src\Illuminate\Database\Connection.php(725): Illuminate\Database\Connection->runQueryCallback('create table `m...', Array, Object(Closure))
#3 C:\Users\User\Downloads\Laravel_mng\vendor\laravel\framework\src\Illuminate\Database\Connection.php(480): Illuminate\Database\Connection->run('create table `m...', Array, Object(Closure))
#4 C:\Users\User\Downloads\Laravel_mng\vendor\laravel\framework\src\Illuminate\Database\Schema\Blueprint.php(83): Illuminate\Database\Connection->statement('create table `m...')
#5 C:\Users\User\Downloads\Laravel_mng\vendor\laravel\framework\src\Illuminate\Database\Schema\Builder.php(229): Illuminate\Database\Schema\Blueprint->build(Object(Illuminate\Database\MySqlConnection), Object(Illuminate\Database\Schema\Grammars\MySqlGrammar))
#6 C:\Users\User\Downloads\Laravel_mng\vendor\laravel\framework\src\Illuminate\Database\Schema\Builder.php(148): Illuminate\Database\Schema\Builder->build(Object(Illuminate\Database\Schema\Blueprint))
#7 C:\Users\User\Downloads\Laravel_mng\vendor\laravel\framework\src\Illuminate\Database\Migrations\DatabaseMigrationRepository.php(144): Illuminate\Database\Schema\Builder->create('migrations', Object(Closure))
#8 C:\Users\User\Downloads\Laravel_mng\vendor\laravel\framework\src\Illuminate\Database\Console\Migrations\InstallCommand.php(54): Illuminate\Database\Migrations\DatabaseMigrationRepository->createRepository()
#9 [internal function]: Illuminate\Database\Console\Migrations\InstallCommand->fire()
#10 C:\Users\User\Downloads\Laravel_mng\bootstrap\cache\compiled.php(1271): call_user_func_array(Array, Array)
#11 C:\Users\User\Downloads\Laravel_mng\vendor\laravel\framework\src\Illuminate\Console\Command.php(169): Illuminate\Container\Container->call(Array)
#12 C:\Users\User\Downloads\Laravel_mng\vendor\symfony\console\Command\Command.php(256): Illuminate\Console\Command->execute(Object(Symfony\Component\Console\Input\ArrayInput), Object(Illuminate\Console\OutputStyle))
#13 C:\Users\User\Downloads\Laravel_mng\vendor\laravel\framework\src\Illuminate\Console\Command.php(155): Symfony\Component\Console\Command\Command->run(Object(Symfony\Component\Console\Input\ArrayInput), Object(Illuminate\Console\OutputStyle))
#14 C:\Users\User\Downloads\Laravel_mng\vendor\laravel\framework\src\Illuminate\Console\Command.php(185): Illuminate\Console\Command->run(Object(Symfony\Component\Console\Input\ArrayInput), Object(Illuminate\Console\OutputStyle))
#15 C:\Users\User\Downloads\Laravel_mng\vendor\laravel\framework\src\Illuminate\Database\Console\Migrations\MigrateCommand.php(95): Illuminate\Console\Command->call('migrate:install', Array)
#16 C:\Users\User\Downloads\Laravel_mng\vendor\laravel\framework\src\Illuminate\Database\Console\Migrations\MigrateCommand.php(58): Illuminate\Database\Console\Migrations\MigrateCommand->prepareDatabase()
#17 [internal function]: Illuminate\Database\Console\Migrations\MigrateCommand->fire()
#18 C:\Users\User\Downloads\Laravel_mng\bootstrap\cache\compiled.php(1271): call_user_func_array(Array, Array)
#19 C:\Users\User\Downloads\Laravel_mng\vendor\laravel\framework\src\Illuminate\Console\Command.php(169): Illuminate\Container\Container->call(Array)
#20 C:\Users\User\Downloads\Laravel_mng\vendor\symfony\console\Command\Command.php(256): Illuminate\Console\Command->execute(Object(Symfony\Component\Console\Input\ArgvInput), Object(Symfony\Component\Console\Output\ConsoleOutput))
#21 C:\Users\User\Downloads\Laravel_mng\vendor\laravel\framework\src\Illuminate\Console\Command.php(155): Symfony\Component\Console\Command\Command->run(Object(Symfony\Component\Console\Input\ArgvInput), Object(Symfony\Component\Console\Output\ConsoleOutput))
#22 C:\Users\User\Downloads\Laravel_mng\vendor\symfony\console\Application.php(820): Illuminate\Console\Command->run(Object(Symfony\Component\Console\Input\ArgvInput), Object(Symfony\Component\Console\Output\ConsoleOutput))
#23 C:\Users\User\Downloads\Laravel_mng\vendor\symfony\console\Application.php(187): Symfony\Component\Console\Application->doRunCommand(Object(Illuminate\Database\Console\Migrations\MigrateCommand), Object(Symfony\Component\Console\Input\ArgvInput), Object(Symfony\Component\Console\Output\ConsoleOutput))
#24 C:\Users\User\Downloads\Laravel_mng\vendor\symfony\console\Application.php(118): Symfony\Component\Console\Application->doRun(Object(Symfony\Component\Console\Input\ArgvInput), Object(Symfony\Component\Console\Output\ConsoleOutput))
#25 C:\Users\User\Downloads\Laravel_mng\vendor\laravel\framework\src\Illuminate\Foundation\Console\Kernel.php(121): Symfony\Component\Console\Application->run(Object(Symfony\Component\Console\Input\ArgvInput), Object(Symfony\Component\Console\Output\ConsoleOutput))
#26 C:\Users\User\Downloads\Laravel_mng\artisan(36): Illuminate\Foundation\Console\Kernel->handle(Object(Symfony\Component\Console\Input\ArgvInput), Object(Symfony\Component\Console\Output\ConsoleOutput))
#27 {main}

Next exception 'Illuminate\Database\QueryException' with message 'SQLSTATE[3D000]: Invalid catalog name: 1046 No database selected (SQL: create table `migrations` (`id` int unsigned not null auto_increment primary key, `migration` varchar(255) not null, `batch` int not null) default character set utf8 collate utf8_unicode_ci)' in C:\Users\User\Downloads\Laravel_mng\vendor\laravel\framework\src\Illuminate\Database\Connection.php:769
Stack trace:
#0 C:\Users\User\Downloads\Laravel_mng\vendor\laravel\framework\src\Illuminate\Database\Connection.php(725): Illuminate\Database\Connection->runQueryCallback('create table `m...', Array, Object(Closure))
#1 C:\Users\User\Downloads\Laravel_mng\vendor\laravel\framework\src\Illuminate\Database\Connection.php(480): Illuminate\Database\Connection->run('create table `m...', Array, Object(Closure))
#2 C:\Users\User\Downloads\Laravel_mng\vendor\laravel\framework\src\Illuminate\Database\Schema\Blueprint.php(83): Illuminate\Database\Connection->statement('create table `m...')
#3 C:\Users\User\Downloads\Laravel_mng\vendor\laravel\framework\src\Illuminate\Database\Schema\Builder.php(229): Illuminate\Database\Schema\Blueprint->build(Object(Illuminate\Database\MySqlConnection), Object(Illuminate\Database\Schema\Grammars\MySqlGrammar))
#4 C:\Users\User\Downloads\Laravel_mng\vendor\laravel\framework\src\Illuminate\Database\Schema\Builder.php(148): Illuminate\Database\Schema\Builder->build(Object(Illuminate\Database\Schema\Blueprint))
#5 C:\Users\User\Downloads\Laravel_mng\vendor\laravel\framework\src\Illuminate\Database\Migrations\DatabaseMigrationRepository.php(144): Illuminate\Database\Schema\Builder->create('migrations', Object(Closure))
#6 C:\Users\User\Downloads\Laravel_mng\vendor\laravel\framework\src\Illuminate\Database\Console\Migrations\InstallCommand.php(54): Illuminate\Database\Migrations\DatabaseMigrationRepository->createRepository()
#7 [internal function]: Illuminate\Database\Console\Migrations\InstallCommand->fire()
#8 C:\Users\User\Downloads\Laravel_mng\bootstrap\cache\compiled.php(1271): call_user_func_array(Array, Array)
#9 C:\Users\User\Downloads\Laravel_mng\vendor\laravel\framework\src\Illuminate\Console\Command.php(169): Illuminate\Container\Container->call(Array)
#10 C:\Users\User\Downloads\Laravel_mng\vendor\symfony\console\Command\Command.php(256): Illuminate\Console\Command->execute(Object(Symfony\Component\Console\Input\ArrayInput), Object(Illuminate\Console\OutputStyle))
#11 C:\Users\User\Downloads\Laravel_mng\vendor\laravel\framework\src\Illuminate\Console\Command.php(155): Symfony\Component\Console\Command\Command->run(Object(Symfony\Component\Console\Input\ArrayInput), Object(Illuminate\Console\OutputStyle))
#12 C:\Users\User\Downloads\Laravel_mng\vendor\laravel\framework\src\Illuminate\Console\Command.php(185): Illuminate\Console\Command->run(Object(Symfony\Component\Console\Input\ArrayInput), Object(Illuminate\Console\OutputStyle))
#13 C:\Users\User\Downloads\Laravel_mng\vendor\laravel\framework\src\Illuminate\Database\Console\Migrations\MigrateCommand.php(95): Illuminate\Console\Command->call('migrate:install', Array)
#14 C:\Users\User\Downloads\Laravel_mng\vendor\laravel\framework\src\Illuminate\Database\Console\Migrations\MigrateCommand.php(58): Illuminate\Database\Console\Migrations\MigrateCommand->prepareDatabase()
#15 [internal function]: Illuminate\Database\Console\Migrations\MigrateCommand->fire()
#16 C:\Users\User\Downloads\Laravel_mng\bootstrap\cache\compiled.php(1271): call_user_func_array(Array, Array)
#17 C:\Users\User\Downloads\Laravel_mng\vendor\laravel\framework\src\Illuminate\Console\Command.php(169): Illuminate\Container\Container->call(Array)
#18 C:\Users\User\Downloads\Laravel_mng\vendor\symfony\console\Command\Command.php(256): Illuminate\Console\Command->execute(Object(Symfony\Component\Console\Input\ArgvInput), Object(Symfony\Component\Console\Output\ConsoleOutput))
#19 C:\Users\User\Downloads\Laravel_mng\vendor\laravel\framework\src\Illuminate\Console\Command.php(155): Symfony\Component\Console\Command\Command->run(Object(Symfony\Component\Console\Input\ArgvInput), Object(Symfony\Component\Console\Output\ConsoleOutput))
#20 C:\Users\User\Downloads\Laravel_mng\vendor\symfony\console\Application.php(820): Illuminate\Console\Command->run(Object(Symfony\Component\Console\Input\ArgvInput), Object(Symfony\Component\Console\Output\ConsoleOutput))
#21 C:\Users\User\Downloads\Laravel_mng\vendor\symfony\console\Application.php(187): Symfony\Component\Console\Application->doRunCommand(Object(Illuminate\Database\Console\Migrations\MigrateCommand), Object(Symfony\Component\Console\Input\ArgvInput), Object(Symfony\Component\Console\Output\ConsoleOutput))
#22 C:\Users\User\Downloads\Laravel_mng\vendor\symfony\console\Application.php(118): Symfony\Component\Console\Application->doRun(Object(Symfony\Component\Console\Input\ArgvInput), Object(Symfony\Component\Console\Output\ConsoleOutput))
#23 C:\Users\User\Downloads\Laravel_mng\vendor\laravel\framework\src\Illuminate\Foundation\Console\Kernel.php(121): Symfony\Component\Console\Application->run(Object(Symfony\Component\Console\Input\ArgvInput), Object(Symfony\Component\Console\Output\ConsoleOutput))
#24 C:\Users\User\Downloads\Laravel_mng\artisan(36): Illuminate\Foundation\Console\Kernel->handle(Object(Symfony\Component\Console\Input\ArgvInput), Object(Symfony\Component\Console\Output\ConsoleOutput))
#25 {main}  
[2017-02-25 08:44:20] production.ERROR: exception 'PDOException' with message 'SQLSTATE[3D000]: Invalid catalog name: 1046 No database selected' in C:\Users\User\Downloads\Laravel_mng\vendor\laravel\framework\src\Illuminate\Database\Connection.php:475
Stack trace:
#0 C:\Users\User\Downloads\Laravel_mng\vendor\laravel\framework\src\Illuminate\Database\Connection.php(475): PDO->prepare('create table `m...')
#1 C:\Users\User\Downloads\Laravel_mng\vendor\laravel\framework\src\Illuminate\Database\Connection.php(762): Illuminate\Database\Connection->Illuminate\Database\{closure}(Object(Illuminate\Database\MySqlConnection), 'create table `m...', Array)
#2 C:\Users\User\Downloads\Laravel_mng\vendor\laravel\framework\src\Illuminate\Database\Connection.php(725): Illuminate\Database\Connection->runQueryCallback('create table `m...', Array, Object(Closure))
#3 C:\Users\User\Downloads\Laravel_mng\vendor\laravel\framework\src\Illuminate\Database\Connection.php(480): Illuminate\Database\Connection->run('create table `m...', Array, Object(Closure))
#4 C:\Users\User\Downloads\Laravel_mng\vendor\laravel\framework\src\Illuminate\Database\Schema\Blueprint.php(83): Illuminate\Database\Connection->statement('create table `m...')
#5 C:\Users\User\Downloads\Laravel_mng\vendor\laravel\framework\src\Illuminate\Database\Schema\Builder.php(229): Illuminate\Database\Schema\Blueprint->build(Object(Illuminate\Database\MySqlConnection), Object(Illuminate\Database\Schema\Grammars\MySqlGrammar))
#6 C:\Users\User\Downloads\Laravel_mng\vendor\laravel\framework\src\Illuminate\Database\Schema\Builder.php(148): Illuminate\Database\Schema\Builder->build(Object(Illuminate\Database\Schema\Blueprint))
#7 C:\Users\User\Downloads\Laravel_mng\vendor\laravel\framework\src\Illuminate\Database\Migrations\DatabaseMigrationRepository.php(144): Illuminate\Database\Schema\Builder->create('migrations', Object(Closure))
#8 C:\Users\User\Downloads\Laravel_mng\vendor\laravel\framework\src\Illuminate\Database\Console\Migrations\InstallCommand.php(54): Illuminate\Database\Migrations\DatabaseMigrationRepository->createRepository()
#9 [internal function]: Illuminate\Database\Console\Migrations\InstallCommand->fire()
#10 C:\Users\User\Downloads\Laravel_mng\bootstrap\cache\compiled.php(1271): call_user_func_array(Array, Array)
#11 C:\Users\User\Downloads\Laravel_mng\vendor\laravel\framework\src\Illuminate\Console\Command.php(169): Illuminate\Container\Container->call(Array)
#12 C:\Users\User\Downloads\Laravel_mng\vendor\symfony\console\Command\Command.php(256): Illuminate\Console\Command->execute(Object(Symfony\Component\Console\Input\ArrayInput), Object(Illuminate\Console\OutputStyle))
#13 C:\Users\User\Downloads\Laravel_mng\vendor\laravel\framework\src\Illuminate\Console\Command.php(155): Symfony\Component\Console\Command\Command->run(Object(Symfony\Component\Console\Input\ArrayInput), Object(Illuminate\Console\OutputStyle))
#14 C:\Users\User\Downloads\Laravel_mng\vendor\laravel\framework\src\Illuminate\Console\Command.php(185): Illuminate\Console\Command->run(Object(Symfony\Component\Console\Input\ArrayInput), Object(Illuminate\Console\OutputStyle))
#15 C:\Users\User\Downloads\Laravel_mng\vendor\laravel\framework\src\Illuminate\Database\Console\Migrations\MigrateCommand.php(95): Illuminate\Console\Command->call('migrate:install', Array)
#16 C:\Users\User\Downloads\Laravel_mng\vendor\laravel\framework\src\Illuminate\Database\Console\Migrations\MigrateCommand.php(58): Illuminate\Database\Console\Migrations\MigrateCommand->prepareDatabase()
#17 [internal function]: Illuminate\Database\Console\Migrations\MigrateCommand->fire()
#18 C:\Users\User\Downloads\Laravel_mng\bootstrap\cache\compiled.php(1271): call_user_func_array(Array, Array)
#19 C:\Users\User\Downloads\Laravel_mng\vendor\laravel\framework\src\Illuminate\Console\Command.php(169): Illuminate\Container\Container->call(Array)
#20 C:\Users\User\Downloads\Laravel_mng\vendor\symfony\console\Command\Command.php(256): Illuminate\Console\Command->execute(Object(Symfony\Component\Console\Input\ArgvInput), Object(Symfony\Component\Console\Output\ConsoleOutput))
#21 C:\Users\User\Downloads\Laravel_mng\vendor\laravel\framework\src\Illuminate\Console\Command.php(155): Symfony\Component\Console\Command\Command->run(Object(Symfony\Component\Console\Input\ArgvInput), Object(Symfony\Component\Console\Output\ConsoleOutput))
#22 C:\Users\User\Downloads\Laravel_mng\vendor\symfony\console\Application.php(820): Illuminate\Console\Command->run(Object(Symfony\Component\Console\Input\ArgvInput), Object(Symfony\Component\Console\Output\ConsoleOutput))
#23 C:\Users\User\Downloads\Laravel_mng\vendor\symfony\console\Application.php(187): Symfony\Component\Console\Application->doRunCommand(Object(Illuminate\Database\Console\Migrations\MigrateCommand), Object(Symfony\Component\Console\Input\ArgvInput), Object(Symfony\Component\Console\Output\ConsoleOutput))
#24 C:\Users\User\Downloads\Laravel_mng\vendor\symfony\console\Application.php(118): Symfony\Component\Console\Application->doRun(Object(Symfony\Component\Console\Input\ArgvInput), Object(Symfony\Component\Console\Output\ConsoleOutput))
#25 C:\Users\User\Downloads\Laravel_mng\vendor\laravel\framework\src\Illuminate\Foundation\Console\Kernel.php(121): Symfony\Component\Console\Application->run(Object(Symfony\Component\Console\Input\ArgvInput), Object(Symfony\Component\Console\Output\ConsoleOutput))
#26 C:\Users\User\Downloads\Laravel_mng\artisan(36): Illuminate\Foundation\Console\Kernel->handle(Object(Symfony\Component\Console\Input\ArgvInput), Object(Symfony\Component\Console\Output\ConsoleOutput))
#27 {main}

Next exception 'Illuminate\Database\QueryException' with message 'SQLSTATE[3D000]: Invalid catalog name: 1046 No database selected (SQL: create table `migrations` (`id` int unsigned not null auto_increment primary key, `migration` varchar(255) not null, `batch` int not null) default character set utf8 collate utf8_unicode_ci)' in C:\Users\User\Downloads\Laravel_mng\vendor\laravel\framework\src\Illuminate\Database\Connection.php:769
Stack trace:
#0 C:\Users\User\Downloads\Laravel_mng\vendor\laravel\framework\src\Illuminate\Database\Connection.php(725): Illuminate\Database\Connection->runQueryCallback('create table `m...', Array, Object(Closure))
#1 C:\Users\User\Downloads\Laravel_mng\vendor\laravel\framework\src\Illuminate\Database\Connection.php(480): Illuminate\Database\Connection->run('create table `m...', Array, Object(Closure))
#2 C:\Users\User\Downloads\Laravel_mng\vendor\laravel\framework\src\Illuminate\Database\Schema\Blueprint.php(83): Illuminate\Database\Connection->statement('create table `m...')
#3 C:\Users\User\Downloads\Laravel_mng\vendor\laravel\framework\src\Illuminate\Database\Schema\Builder.php(229): Illuminate\Database\Schema\Blueprint->build(Object(Illuminate\Database\MySqlConnection), Object(Illuminate\Database\Schema\Grammars\MySqlGrammar))
#4 C:\Users\User\Downloads\Laravel_mng\vendor\laravel\framework\src\Illuminate\Database\Schema\Builder.php(148): Illuminate\Database\Schema\Builder->build(Object(Illuminate\Database\Schema\Blueprint))
#5 C:\Users\User\Downloads\Laravel_mng\vendor\laravel\framework\src\Illuminate\Database\Migrations\DatabaseMigrationRepository.php(144): Illuminate\Database\Schema\Builder->create('migrations', Object(Closure))
#6 C:\Users\User\Downloads\Laravel_mng\vendor\laravel\framework\src\Illuminate\Database\Console\Migrations\InstallCommand.php(54): Illuminate\Database\Migrations\DatabaseMigrationRepository->createRepository()
#7 [internal function]: Illuminate\Database\Console\Migrations\InstallCommand->fire()
#8 C:\Users\User\Downloads\Laravel_mng\bootstrap\cache\compiled.php(1271): call_user_func_array(Array, Array)
#9 C:\Users\User\Downloads\Laravel_mng\vendor\laravel\framework\src\Illuminate\Console\Command.php(169): Illuminate\Container\Container->call(Array)
#10 C:\Users\User\Downloads\Laravel_mng\vendor\symfony\console\Command\Command.php(256): Illuminate\Console\Command->execute(Object(Symfony\Component\Console\Input\ArrayInput), Object(Illuminate\Console\OutputStyle))
#11 C:\Users\User\Downloads\Laravel_mng\vendor\laravel\framework\src\Illuminate\Console\Command.php(155): Symfony\Component\Console\Command\Command->run(Object(Symfony\Component\Console\Input\ArrayInput), Object(Illuminate\Console\OutputStyle))
#12 C:\Users\User\Downloads\Laravel_mng\vendor\laravel\framework\src\Illuminate\Console\Command.php(185): Illuminate\Console\Command->run(Object(Symfony\Component\Console\Input\ArrayInput), Object(Illuminate\Console\OutputStyle))
#13 C:\Users\User\Downloads\Laravel_mng\vendor\laravel\framework\src\Illuminate\Database\Console\Migrations\MigrateCommand.php(95): Illuminate\Console\Command->call('migrate:install', Array)
#14 C:\Users\User\Downloads\Laravel_mng\vendor\laravel\framework\src\Illuminate\Database\Console\Migrations\MigrateCommand.php(58): Illuminate\Database\Console\Migrations\MigrateCommand->prepareDatabase()
#15 [internal function]: Illuminate\Database\Console\Migrations\MigrateCommand->fire()
#16 C:\Users\User\Downloads\Laravel_mng\bootstrap\cache\compiled.php(1271): call_user_func_array(Array, Array)
#17 C:\Users\User\Downloads\Laravel_mng\vendor\laravel\framework\src\Illuminate\Console\Command.php(169): Illuminate\Container\Container->call(Array)
#18 C:\Users\User\Downloads\Laravel_mng\vendor\symfony\console\Command\Command.php(256): Illuminate\Console\Command->execute(Object(Symfony\Component\Console\Input\ArgvInput), Object(Symfony\Component\Console\Output\ConsoleOutput))
#19 C:\Users\User\Downloads\Laravel_mng\vendor\laravel\framework\src\Illuminate\Console\Command.php(155): Symfony\Component\Console\Command\Command->run(Object(Symfony\Component\Console\Input\ArgvInput), Object(Symfony\Component\Console\Output\ConsoleOutput))
#20 C:\Users\User\Downloads\Laravel_mng\vendor\symfony\console\Application.php(820): Illuminate\Console\Command->run(Object(Symfony\Component\Console\Input\ArgvInput), Object(Symfony\Component\Console\Output\ConsoleOutput))
#21 C:\Users\User\Downloads\Laravel_mng\vendor\symfony\console\Application.php(187): Symfony\Component\Console\Application->doRunCommand(Object(Illuminate\Database\Console\Migrations\MigrateCommand), Object(Symfony\Component\Console\Input\ArgvInput), Object(Symfony\Component\Console\Output\ConsoleOutput))
#22 C:\Users\User\Downloads\Laravel_mng\vendor\symfony\console\Application.php(118): Symfony\Component\Console\Application->doRun(Object(Symfony\Component\Console\Input\ArgvInput), Object(Symfony\Component\Console\Output\ConsoleOutput))
#23 C:\Users\User\Downloads\Laravel_mng\vendor\laravel\framework\src\Illuminate\Foundation\Console\Kernel.php(121): Symfony\Component\Console\Application->run(Object(Symfony\Component\Console\Input\ArgvInput), Object(Symfony\Component\Console\Output\ConsoleOutput))
#24 C:\Users\User\Downloads\Laravel_mng\artisan(36): Illuminate\Foundation\Console\Kernel->handle(Object(Symfony\Component\Console\Input\ArgvInput), Object(Symfony\Component\Console\Output\ConsoleOutput))
#25 {main}  
[2017-02-25 08:44:46] production.ERROR: exception 'RuntimeException' with message 'The only supported ciphers are AES-128-CBC and AES-256-CBC with the correct key lengths.' in C:\Users\User\Downloads\Laravel_mng\bootstrap\cache\compiled.php:13309
Stack trace:
#0 C:\Users\User\Downloads\Laravel_mng\bootstrap\cache\compiled.php(7750): Illuminate\Encryption\Encrypter->__construct(NULL, 'AES-256-CBC')
#1 C:\Users\User\Downloads\Laravel_mng\bootstrap\cache\compiled.php(1373): Illuminate\Encryption\EncryptionServiceProvider->Illuminate\Encryption\{closure}(Object(Illuminate\Foundation\Application), Array)
#2 C:\Users\User\Downloads\Laravel_mng\bootstrap\cache\compiled.php(1329): Illuminate\Container\Container->build(Object(Closure), Array)
#3 C:\Users\User\Downloads\Laravel_mng\bootstrap\cache\compiled.php(1907): Illuminate\Container\Container->make('encrypter', Array)
#4 C:\Users\User\Downloads\Laravel_mng\bootstrap\cache\compiled.php(1430): Illuminate\Foundation\Application->make('Illuminate\\Cont...')
#5 C:\Users\User\Downloads\Laravel_mng\bootstrap\cache\compiled.php(1407): Illuminate\Container\Container->resolveClass(Object(ReflectionParameter))
#6 C:\Users\User\Downloads\Laravel_mng\bootstrap\cache\compiled.php(1393): Illuminate\Container\Container->getDependencies(Array, Array)
#7 C:\Users\User\Downloads\Laravel_mng\bootstrap\cache\compiled.php(1329): Illuminate\Container\Container->build('App\\Http\\Middle...', Array)
#8 C:\Users\User\Downloads\Laravel_mng\bootstrap\cache\compiled.php(1907): Illuminate\Container\Container->make('App\\Http\\Middle...', Array)
#9 C:\Users\User\Downloads\Laravel_mng\bootstrap\cache\compiled.php(9879): Illuminate\Foundation\Application->make('App\\Http\\Middle...')
#10 C:\Users\User\Downloads\Laravel_mng\vendor\laravel\framework\src\Illuminate\Routing\Pipeline.php(33): Illuminate\Pipeline\Pipeline->Illuminate\Pipeline\{closure}(Object(Illuminate\Http\Request))
#11 C:\Users\User\Downloads\Laravel_mng\bootstrap\cache\compiled.php(9869): Illuminate\Routing\Pipeline->Illuminate\Routing\{closure}(Object(Illuminate\Http\Request))
#12 C:\Users\User\Downloads\Laravel_mng\bootstrap\cache\compiled.php(8175): Illuminate\Pipeline\Pipeline->then(Object(Closure))
#13 C:\Users\User\Downloads\Laravel_mng\bootstrap\cache\compiled.php(8166): Illuminate\Routing\Router->runRouteWithinStack(Object(Illuminate\Routing\Route), Object(Illuminate\Http\Request))
#14 C:\Users\User\Downloads\Laravel_mng\bootstrap\cache\compiled.php(8157): Illuminate\Routing\Router->dispatchToRoute(Object(Illuminate\Http\Request))
#15 C:\Users\User\Downloads\Laravel_mng\bootstrap\cache\compiled.php(2471): Illuminate\Routing\Router->dispatch(Object(Illuminate\Http\Request))
#16 C:\Users\User\Downloads\Laravel_mng\vendor\laravel\framework\src\Illuminate\Routing\Pipeline.php(53): Illuminate\Foundation\Http\Kernel->Illuminate\Foundation\Http\{closure}(Object(Illuminate\Http\Request))
#17 C:\Users\User\Downloads\Laravel_mng\bootstrap\cache\compiled.php(3226): Illuminate\Routing\Pipeline->Illuminate\Routing\{closure}(Object(Illuminate\Http\Request))
#18 C:\Users\User\Downloads\Laravel_mng\bootstrap\cache\compiled.php(9884): Illuminate\Foundation\Http\Middleware\CheckForMaintenanceMode->handle(Object(Illuminate\Http\Request), Object(Closure))
#19 C:\Users\User\Downloads\Laravel_mng\vendor\laravel\framework\src\Illuminate\Routing\Pipeline.php(33): Illuminate\Pipeline\Pipeline->Illuminate\Pipeline\{closure}(Object(Illuminate\Http\Request))
#20 C:\Users\User\Downloads\Laravel_mng\bootstrap\cache\compiled.php(9869): Illuminate\Routing\Pipeline->Illuminate\Routing\{closure}(Object(Illuminate\Http\Request))
#21 C:\Users\User\Downloads\Laravel_mng\bootstrap\cache\compiled.php(2415): Illuminate\Pipeline\Pipeline->then(Object(Closure))
#22 C:\Users\User\Downloads\Laravel_mng\bootstrap\cache\compiled.php(2399): Illuminate\Foundation\Http\Kernel->sendRequestThroughRouter(Object(Illuminate\Http\Request))
#23 C:\Users\User\Downloads\Laravel_mng\public\index.php(54): Illuminate\Foundation\Http\Kernel->handle(Object(Illuminate\Http\Request))
#24 C:\Users\User\Downloads\Laravel_mng\server.php(21): require_once('C:\\Users\\User\\D...')
#25 {main}  
[2017-02-25 08:44:46] production.ERROR: exception 'RuntimeException' with message 'The only supported ciphers are AES-128-CBC and AES-256-CBC with the correct key lengths.' in C:\Users\User\Downloads\Laravel_mng\bootstrap\cache\compiled.php:13309
Stack trace:
#0 C:\Users\User\Downloads\Laravel_mng\bootstrap\cache\compiled.php(7750): Illuminate\Encryption\Encrypter->__construct(NULL, 'AES-256-CBC')
#1 C:\Users\User\Downloads\Laravel_mng\bootstrap\cache\compiled.php(1373): Illuminate\Encryption\EncryptionServiceProvider->Illuminate\Encryption\{closure}(Object(Illuminate\Foundation\Application), Array)
#2 C:\Users\User\Downloads\Laravel_mng\bootstrap\cache\compiled.php(1329): Illuminate\Container\Container->build(Object(Closure), Array)
#3 C:\Users\User\Downloads\Laravel_mng\bootstrap\cache\compiled.php(1907): Illuminate\Container\Container->make('encrypter', Array)
#4 C:\Users\User\Downloads\Laravel_mng\bootstrap\cache\compiled.php(1430): Illuminate\Foundation\Application->make('Illuminate\\Cont...')
#5 C:\Users\User\Downloads\Laravel_mng\bootstrap\cache\compiled.php(1407): Illuminate\Container\Container->resolveClass(Object(ReflectionParameter))
#6 C:\Users\User\Downloads\Laravel_mng\bootstrap\cache\compiled.php(1393): Illuminate\Container\Container->getDependencies(Array, Array)
#7 C:\Users\User\Downloads\Laravel_mng\bootstrap\cache\compiled.php(1329): Illuminate\Container\Container->build('App\\Http\\Middle...', Array)
#8 C:\Users\User\Downloads\Laravel_mng\bootstrap\cache\compiled.php(1907): Illuminate\Container\Container->make('App\\Http\\Middle...', Array)
#9 C:\Users\User\Downloads\Laravel_mng\bootstrap\cache\compiled.php(2425): Illuminate\Foundation\Application->make('App\\Http\\Middle...')
#10 C:\Users\User\Downloads\Laravel_mng\public\index.php(58): Illuminate\Foundation\Http\Kernel->terminate(Object(Illuminate\Http\Request), Object(Illuminate\Http\Response))
#11 C:\Users\User\Downloads\Laravel_mng\server.php(21): require_once('C:\\Users\\User\\D...')
#12 {main}  
[2017-02-25 08:44:54] production.ERROR: exception 'RuntimeException' with message 'The only supported ciphers are AES-128-CBC and AES-256-CBC with the correct key lengths.' in C:\Users\User\Downloads\Laravel_mng\bootstrap\cache\compiled.php:13309
Stack trace:
#0 C:\Users\User\Downloads\Laravel_mng\bootstrap\cache\compiled.php(7750): Illuminate\Encryption\Encrypter->__construct(NULL, 'AES-256-CBC')
#1 C:\Users\User\Downloads\Laravel_mng\bootstrap\cache\compiled.php(1373): Illuminate\Encryption\EncryptionServiceProvider->Illuminate\Encryption\{closure}(Object(Illuminate\Foundation\Application), Array)
#2 C:\Users\User\Downloads\Laravel_mng\bootstrap\cache\compiled.php(1329): Illuminate\Container\Container->build(Object(Closure), Array)
#3 C:\Users\User\Downloads\Laravel_mng\bootstrap\cache\compiled.php(1907): Illuminate\Container\Container->make('encrypter', Array)
#4 C:\Users\User\Downloads\Laravel_mng\bootstrap\cache\compiled.php(1430): Illuminate\Foundation\Application->make('Illuminate\\Cont...')
#5 C:\Users\User\Downloads\Laravel_mng\bootstrap\cache\compiled.php(1407): Illuminate\Container\Container->resolveClass(Object(ReflectionParameter))
#6 C:\Users\User\Downloads\Laravel_mng\bootstrap\cache\compiled.php(1393): Illuminate\Container\Container->getDependencies(Array, Array)
#7 C:\Users\User\Downloads\Laravel_mng\bootstrap\cache\compiled.php(1329): Illuminate\Container\Container->build('App\\Http\\Middle...', Array)
#8 C:\Users\User\Downloads\Laravel_mng\bootstrap\cache\compiled.php(1907): Illuminate\Container\Container->make('App\\Http\\Middle...', Array)
#9 C:\Users\User\Downloads\Laravel_mng\bootstrap\cache\compiled.php(9879): Illuminate\Foundation\Application->make('App\\Http\\Middle...')
#10 C:\Users\User\Downloads\Laravel_mng\vendor\laravel\framework\src\Illuminate\Routing\Pipeline.php(33): Illuminate\Pipeline\Pipeline->Illuminate\Pipeline\{closure}(Object(Illuminate\Http\Request))
#11 C:\Users\User\Downloads\Laravel_mng\bootstrap\cache\compiled.php(9869): Illuminate\Routing\Pipeline->Illuminate\Routing\{closure}(Object(Illuminate\Http\Request))
#12 C:\Users\User\Downloads\Laravel_mng\bootstrap\cache\compiled.php(8175): Illuminate\Pipeline\Pipeline->then(Object(Closure))
#13 C:\Users\User\Downloads\Laravel_mng\bootstrap\cache\compiled.php(8166): Illuminate\Routing\Router->runRouteWithinStack(Object(Illuminate\Routing\Route), Object(Illuminate\Http\Request))
#14 C:\Users\User\Downloads\Laravel_mng\bootstrap\cache\compiled.php(8157): Illuminate\Routing\Router->dispatchToRoute(Object(Illuminate\Http\Request))
#15 C:\Users\User\Downloads\Laravel_mng\bootstrap\cache\compiled.php(2471): Illuminate\Routing\Router->dispatch(Object(Illuminate\Http\Request))
#16 C:\Users\User\Downloads\Laravel_mng\vendor\laravel\framework\src\Illuminate\Routing\Pipeline.php(53): Illuminate\Foundation\Http\Kernel->Illuminate\Foundation\Http\{closure}(Object(Illuminate\Http\Request))
#17 C:\Users\User\Downloads\Laravel_mng\bootstrap\cache\compiled.php(3226): Illuminate\Routing\Pipeline->Illuminate\Routing\{closure}(Object(Illuminate\Http\Request))
#18 C:\Users\User\Downloads\Laravel_mng\bootstrap\cache\compiled.php(9884): Illuminate\Foundation\Http\Middleware\CheckForMaintenanceMode->handle(Object(Illuminate\Http\Request), Object(Closure))
#19 C:\Users\User\Downloads\Laravel_mng\vendor\laravel\framework\src\Illuminate\Routing\Pipeline.php(33): Illuminate\Pipeline\Pipeline->Illuminate\Pipeline\{closure}(Object(Illuminate\Http\Request))
#20 C:\Users\User\Downloads\Laravel_mng\bootstrap\cache\compiled.php(9869): Illuminate\Routing\Pipeline->Illuminate\Routing\{closure}(Object(Illuminate\Http\Request))
#21 C:\Users\User\Downloads\Laravel_mng\bootstrap\cache\compiled.php(2415): Illuminate\Pipeline\Pipeline->then(Object(Closure))
#22 C:\Users\User\Downloads\Laravel_mng\bootstrap\cache\compiled.php(2399): Illuminate\Foundation\Http\Kernel->sendRequestThroughRouter(Object(Illuminate\Http\Request))
#23 C:\Users\User\Downloads\Laravel_mng\public\index.php(54): Illuminate\Foundation\Http\Kernel->handle(Object(Illuminate\Http\Request))
#24 C:\Users\User\Downloads\Laravel_mng\server.php(21): require_once('C:\\Users\\User\\D...')
#25 {main}  
[2017-02-25 08:44:54] production.ERROR: exception 'RuntimeException' with message 'The only supported ciphers are AES-128-CBC and AES-256-CBC with the correct key lengths.' in C:\Users\User\Downloads\Laravel_mng\bootstrap\cache\compiled.php:13309
Stack trace:
#0 C:\Users\User\Downloads\Laravel_mng\bootstrap\cache\compiled.php(7750): Illuminate\Encryption\Encrypter->__construct(NULL, 'AES-256-CBC')
#1 C:\Users\User\Downloads\Laravel_mng\bootstrap\cache\compiled.php(1373): Illuminate\Encryption\EncryptionServiceProvider->Illuminate\Encryption\{closure}(Object(Illuminate\Foundation\Application), Array)
#2 C:\Users\User\Downloads\Laravel_mng\bootstrap\cache\compiled.php(1329): Illuminate\Container\Container->build(Object(Closure), Array)
#3 C:\Users\User\Downloads\Laravel_mng\bootstrap\cache\compiled.php(1907): Illuminate\Container\Container->make('encrypter', Array)
#4 C:\Users\User\Downloads\Laravel_mng\bootstrap\cache\compiled.php(1430): Illuminate\Foundation\Application->make('Illuminate\\Cont...')
#5 C:\Users\User\Downloads\Laravel_mng\bootstrap\cache\compiled.php(1407): Illuminate\Container\Container->resolveClass(Object(ReflectionParameter))
#6 C:\Users\User\Downloads\Laravel_mng\bootstrap\cache\compiled.php(1393): Illuminate\Container\Container->getDependencies(Array, Array)
#7 C:\Users\User\Downloads\Laravel_mng\bootstrap\cache\compiled.php(1329): Illuminate\Container\Container->build('App\\Http\\Middle...', Array)
#8 C:\Users\User\Downloads\Laravel_mng\bootstrap\cache\compiled.php(1907): Illuminate\Container\Container->make('App\\Http\\Middle...', Array)
#9 C:\Users\User\Downloads\Laravel_mng\bootstrap\cache\compiled.php(2425): Illuminate\Foundation\Application->make('App\\Http\\Middle...')
#10 C:\Users\User\Downloads\Laravel_mng\public\index.php(58): Illuminate\Foundation\Http\Kernel->terminate(Object(Illuminate\Http\Request), Object(Illuminate\Http\Response))
#11 C:\Users\User\Downloads\Laravel_mng\server.php(21): require_once('C:\\Users\\User\\D...')
#12 {main}  
[2017-02-25 09:07:47] production.ERROR: exception 'RuntimeException' with message 'The only supported ciphers are AES-128-CBC and AES-256-CBC with the correct key lengths.' in C:\Users\User\Downloads\Laravel_mng\bootstrap\cache\compiled.php:13309
Stack trace:
#0 C:\Users\User\Downloads\Laravel_mng\bootstrap\cache\compiled.php(7750): Illuminate\Encryption\Encrypter->__construct(NULL, 'AES-256-CBC')
#1 C:\Users\User\Downloads\Laravel_mng\bootstrap\cache\compiled.php(1373): Illuminate\Encryption\EncryptionServiceProvider->Illuminate\Encryption\{closure}(Object(Illuminate\Foundation\Application), Array)
#2 C:\Users\User\Downloads\Laravel_mng\bootstrap\cache\compiled.php(1329): Illuminate\Container\Container->build(Object(Closure), Array)
#3 C:\Users\User\Downloads\Laravel_mng\bootstrap\cache\compiled.php(1907): Illuminate\Container\Container->make('encrypter', Array)
#4 C:\Users\User\Downloads\Laravel_mng\bootstrap\cache\compiled.php(1430): Illuminate\Foundation\Application->make('Illuminate\\Cont...')
#5 C:\Users\User\Downloads\Laravel_mng\bootstrap\cache\compiled.php(1407): Illuminate\Container\Container->resolveClass(Object(ReflectionParameter))
#6 C:\Users\User\Downloads\Laravel_mng\bootstrap\cache\compiled.php(1393): Illuminate\Container\Container->getDependencies(Array, Array)
#7 C:\Users\User\Downloads\Laravel_mng\bootstrap\cache\compiled.php(1329): Illuminate\Container\Container->build('App\\Http\\Middle...', Array)
#8 C:\Users\User\Downloads\Laravel_mng\bootstrap\cache\compiled.php(1907): Illuminate\Container\Container->make('App\\Http\\Middle...', Array)
#9 C:\Users\User\Downloads\Laravel_mng\bootstrap\cache\compiled.php(9879): Illuminate\Foundation\Application->make('App\\Http\\Middle...')
#10 C:\Users\User\Downloads\Laravel_mng\vendor\laravel\framework\src\Illuminate\Routing\Pipeline.php(33): Illuminate\Pipeline\Pipeline->Illuminate\Pipeline\{closure}(Object(Illuminate\Http\Request))
#11 C:\Users\User\Downloads\Laravel_mng\bootstrap\cache\compiled.php(9869): Illuminate\Routing\Pipeline->Illuminate\Routing\{closure}(Object(Illuminate\Http\Request))
#12 C:\Users\User\Downloads\Laravel_mng\bootstrap\cache\compiled.php(8175): Illuminate\Pipeline\Pipeline->then(Object(Closure))
#13 C:\Users\User\Downloads\Laravel_mng\bootstrap\cache\compiled.php(8166): Illuminate\Routing\Router->runRouteWithinStack(Object(Illuminate\Routing\Route), Object(Illuminate\Http\Request))
#14 C:\Users\User\Downloads\Laravel_mng\bootstrap\cache\compiled.php(8157): Illuminate\Routing\Router->dispatchToRoute(Object(Illuminate\Http\Request))
#15 C:\Users\User\Downloads\Laravel_mng\bootstrap\cache\compiled.php(2471): Illuminate\Routing\Router->dispatch(Object(Illuminate\Http\Request))
#16 C:\Users\User\Downloads\Laravel_mng\vendor\laravel\framework\src\Illuminate\Routing\Pipeline.php(53): Illuminate\Foundation\Http\Kernel->Illuminate\Foundation\Http\{closure}(Object(Illuminate\Http\Request))
#17 C:\Users\User\Downloads\Laravel_mng\bootstrap\cache\compiled.php(3226): Illuminate\Routing\Pipeline->Illuminate\Routing\{closure}(Object(Illuminate\Http\Request))
#18 C:\Users\User\Downloads\Laravel_mng\bootstrap\cache\compiled.php(9884): Illuminate\Foundation\Http\Middleware\CheckForMaintenanceMode->handle(Object(Illuminate\Http\Request), Object(Closure))
#19 C:\Users\User\Downloads\Laravel_mng\vendor\laravel\framework\src\Illuminate\Routing\Pipeline.php(33): Illuminate\Pipeline\Pipeline->Illuminate\Pipeline\{closure}(Object(Illuminate\Http\Request))
#20 C:\Users\User\Downloads\Laravel_mng\bootstrap\cache\compiled.php(9869): Illuminate\Routing\Pipeline->Illuminate\Routing\{closure}(Object(Illuminate\Http\Request))
#21 C:\Users\User\Downloads\Laravel_mng\bootstrap\cache\compiled.php(2415): Illuminate\Pipeline\Pipeline->then(Object(Closure))
#22 C:\Users\User\Downloads\Laravel_mng\bootstrap\cache\compiled.php(2399): Illuminate\Foundation\Http\Kernel->sendRequestThroughRouter(Object(Illuminate\Http\Request))
#23 C:\Users\User\Downloads\Laravel_mng\public\index.php(54): Illuminate\Foundation\Http\Kernel->handle(Object(Illuminate\Http\Request))
#24 C:\Users\User\Downloads\Laravel_mng\server.php(21): require_once('C:\\Users\\User\\D...')
#25 {main}  
[2017-02-25 09:07:47] production.ERROR: exception 'RuntimeException' with message 'The only supported ciphers are AES-128-CBC and AES-256-CBC with the correct key lengths.' in C:\Users\User\Downloads\Laravel_mng\bootstrap\cache\compiled.php:13309
Stack trace:
#0 C:\Users\User\Downloads\Laravel_mng\bootstrap\cache\compiled.php(7750): Illuminate\Encryption\Encrypter->__construct(NULL, 'AES-256-CBC')
#1 C:\Users\User\Downloads\Laravel_mng\bootstrap\cache\compiled.php(1373): Illuminate\Encryption\EncryptionServiceProvider->Illuminate\Encryption\{closure}(Object(Illuminate\Foundation\Application), Array)
#2 C:\Users\User\Downloads\Laravel_mng\bootstrap\cache\compiled.php(1329): Illuminate\Container\Container->build(Object(Closure), Array)
#3 C:\Users\User\Downloads\Laravel_mng\bootstrap\cache\compiled.php(1907): Illuminate\Container\Container->make('encrypter', Array)
#4 C:\Users\User\Downloads\Laravel_mng\bootstrap\cache\compiled.php(1430): Illuminate\Foundation\Application->make('Illuminate\\Cont...')
#5 C:\Users\User\Downloads\Laravel_mng\bootstrap\cache\compiled.php(1407): Illuminate\Container\Container->resolveClass(Object(ReflectionParameter))
#6 C:\Users\User\Downloads\Laravel_mng\bootstrap\cache\compiled.php(1393): Illuminate\Container\Container->getDependencies(Array, Array)
#7 C:\Users\User\Downloads\Laravel_mng\bootstrap\cache\compiled.php(1329): Illuminate\Container\Container->build('App\\Http\\Middle...', Array)
#8 C:\Users\User\Downloads\Laravel_mng\bootstrap\cache\compiled.php(1907): Illuminate\Container\Container->make('App\\Http\\Middle...', Array)
#9 C:\Users\User\Downloads\Laravel_mng\bootstrap\cache\compiled.php(2425): Illuminate\Foundation\Application->make('App\\Http\\Middle...')
#10 C:\Users\User\Downloads\Laravel_mng\public\index.php(58): Illuminate\Foundation\Http\Kernel->terminate(Object(Illuminate\Http\Request), Object(Illuminate\Http\Response))
#11 C:\Users\User\Downloads\Laravel_mng\server.php(21): require_once('C:\\Users\\User\\D...')
#12 {main}  
[2017-02-25 09:07:55] production.ERROR: exception 'RuntimeException' with message 'The only supported ciphers are AES-128-CBC and AES-256-CBC with the correct key lengths.' in C:\Users\User\Downloads\Laravel_mng\bootstrap\cache\compiled.php:13309
Stack trace:
#0 C:\Users\User\Downloads\Laravel_mng\bootstrap\cache\compiled.php(7750): Illuminate\Encryption\Encrypter->__construct(NULL, 'AES-256-CBC')
#1 C:\Users\User\Downloads\Laravel_mng\bootstrap\cache\compiled.php(1373): Illuminate\Encryption\EncryptionServiceProvider->Illuminate\Encryption\{closure}(Object(Illuminate\Foundation\Application), Array)
#2 C:\Users\User\Downloads\Laravel_mng\bootstrap\cache\compiled.php(1329): Illuminate\Container\Container->build(Object(Closure), Array)
#3 C:\Users\User\Downloads\Laravel_mng\bootstrap\cache\compiled.php(1907): Illuminate\Container\Container->make('encrypter', Array)
#4 C:\Users\User\Downloads\Laravel_mng\bootstrap\cache\compiled.php(1430): Illuminate\Foundation\Application->make('Illuminate\\Cont...')
#5 C:\Users\User\Downloads\Laravel_mng\bootstrap\cache\compiled.php(1407): Illuminate\Container\Container->resolveClass(Object(ReflectionParameter))
#6 C:\Users\User\Downloads\Laravel_mng\bootstrap\cache\compiled.php(1393): Illuminate\Container\Container->getDependencies(Array, Array)
#7 C:\Users\User\Downloads\Laravel_mng\bootstrap\cache\compiled.php(1329): Illuminate\Container\Container->build('App\\Http\\Middle...', Array)
#8 C:\Users\User\Downloads\Laravel_mng\bootstrap\cache\compiled.php(1907): Illuminate\Container\Container->make('App\\Http\\Middle...', Array)
#9 C:\Users\User\Downloads\Laravel_mng\bootstrap\cache\compiled.php(9879): Illuminate\Foundation\Application->make('App\\Http\\Middle...')
#10 C:\Users\User\Downloads\Laravel_mng\vendor\laravel\framework\src\Illuminate\Routing\Pipeline.php(33): Illuminate\Pipeline\Pipeline->Illuminate\Pipeline\{closure}(Object(Illuminate\Http\Request))
#11 C:\Users\User\Downloads\Laravel_mng\bootstrap\cache\compiled.php(9869): Illuminate\Routing\Pipeline->Illuminate\Routing\{closure}(Object(Illuminate\Http\Request))
#12 C:\Users\User\Downloads\Laravel_mng\bootstrap\cache\compiled.php(8175): Illuminate\Pipeline\Pipeline->then(Object(Closure))
#13 C:\Users\User\Downloads\Laravel_mng\bootstrap\cache\compiled.php(8166): Illuminate\Routing\Router->runRouteWithinStack(Object(Illuminate\Routing\Route), Object(Illuminate\Http\Request))
#14 C:\Users\User\Downloads\Laravel_mng\bootstrap\cache\compiled.php(8157): Illuminate\Routing\Router->dispatchToRoute(Object(Illuminate\Http\Request))
#15 C:\Users\User\Downloads\Laravel_mng\bootstrap\cache\compiled.php(2471): Illuminate\Routing\Router->dispatch(Object(Illuminate\Http\Request))
#16 C:\Users\User\Downloads\Laravel_mng\vendor\laravel\framework\src\Illuminate\Routing\Pipeline.php(53): Illuminate\Foundation\Http\Kernel->Illuminate\Foundation\Http\{closure}(Object(Illuminate\Http\Request))
#17 C:\Users\User\Downloads\Laravel_mng\bootstrap\cache\compiled.php(3226): Illuminate\Routing\Pipeline->Illuminate\Routing\{closure}(Object(Illuminate\Http\Request))
#18 C:\Users\User\Downloads\Laravel_mng\bootstrap\cache\compiled.php(9884): Illuminate\Foundation\Http\Middleware\CheckForMaintenanceMode->handle(Object(Illuminate\Http\Request), Object(Closure))
#19 C:\Users\User\Downloads\Laravel_mng\vendor\laravel\framework\src\Illuminate\Routing\Pipeline.php(33): Illuminate\Pipeline\Pipeline->Illuminate\Pipeline\{closure}(Object(Illuminate\Http\Request))
#20 C:\Users\User\Downloads\Laravel_mng\bootstrap\cache\compiled.php(9869): Illuminate\Routing\Pipeline->Illuminate\Routing\{closure}(Object(Illuminate\Http\Request))
#21 C:\Users\User\Downloads\Laravel_mng\bootstrap\cache\compiled.php(2415): Illuminate\Pipeline\Pipeline->then(Object(Closure))
#22 C:\Users\User\Downloads\Laravel_mng\bootstrap\cache\compiled.php(2399): Illuminate\Foundation\Http\Kernel->sendRequestThroughRouter(Object(Illuminate\Http\Request))
#23 C:\Users\User\Downloads\Laravel_mng\public\index.php(54): Illuminate\Foundation\Http\Kernel->handle(Object(Illuminate\Http\Request))
#24 C:\Users\User\Downloads\Laravel_mng\server.php(21): require_once('C:\\Users\\User\\D...')
#25 {main}  
[2017-02-25 09:07:55] production.ERROR: exception 'RuntimeException' with message 'The only supported ciphers are AES-128-CBC and AES-256-CBC with the correct key lengths.' in C:\Users\User\Downloads\Laravel_mng\bootstrap\cache\compiled.php:13309
Stack trace:
#0 C:\Users\User\Downloads\Laravel_mng\bootstrap\cache\compiled.php(7750): Illuminate\Encryption\Encrypter->__construct(NULL, 'AES-256-CBC')
#1 C:\Users\User\Downloads\Laravel_mng\bootstrap\cache\compiled.php(1373): Illuminate\Encryption\EncryptionServiceProvider->Illuminate\Encryption\{closure}(Object(Illuminate\Foundation\Application), Array)
#2 C:\Users\User\Downloads\Laravel_mng\bootstrap\cache\compiled.php(1329): Illuminate\Container\Container->build(Object(Closure), Array)
#3 C:\Users\User\Downloads\Laravel_mng\bootstrap\cache\compiled.php(1907): Illuminate\Container\Container->make('encrypter', Array)
#4 C:\Users\User\Downloads\Laravel_mng\bootstrap\cache\compiled.php(1430): Illuminate\Foundation\Application->make('Illuminate\\Cont...')
#5 C:\Users\User\Downloads\Laravel_mng\bootstrap\cache\compiled.php(1407): Illuminate\Container\Container->resolveClass(Object(ReflectionParameter))
#6 C:\Users\User\Downloads\Laravel_mng\bootstrap\cache\compiled.php(1393): Illuminate\Container\Container->getDependencies(Array, Array)
#7 C:\Users\User\Downloads\Laravel_mng\bootstrap\cache\compiled.php(1329): Illuminate\Container\Container->build('App\\Http\\Middle...', Array)
#8 C:\Users\User\Downloads\Laravel_mng\bootstrap\cache\compiled.php(1907): Illuminate\Container\Container->make('App\\Http\\Middle...', Array)
#9 C:\Users\User\Downloads\Laravel_mng\bootstrap\cache\compiled.php(2425): Illuminate\Foundation\Application->make('App\\Http\\Middle...')
#10 C:\Users\User\Downloads\Laravel_mng\public\index.php(58): Illuminate\Foundation\Http\Kernel->terminate(Object(Illuminate\Http\Request), Object(Illuminate\Http\Response))
#11 C:\Users\User\Downloads\Laravel_mng\server.php(21): require_once('C:\\Users\\User\\D...')
#12 {main}  
